[[1;34mINFO[m] Scanning for projects...
[[1;34mINFO[m] 
[[1;34mINFO[m] [1m--------------------< [0;36morg.security:command-service[0;1m >--------------------[m
[[1;34mINFO[m] [1mBuilding command-service 0.0.1-SNAPSHOT[m
[[1;34mINFO[m] [1m--------------------------------[ jar ]---------------------------------[m
[[1;34mINFO[m] 
[[1;34mINFO[m] [1m>>> [0;32mspring-boot-maven-plugin:3.5.9:run[m [1m(default-cli)[0;1m > [0;1mtest-compile[m @ [36mcommand-service[0;1m >>>[m
[[1;34mINFO[m] 
[[1;34mINFO[m] [1m--- [0;32mmaven-resources-plugin:3.3.1:resources[m [1m(default-resources)[m @ [36mcommand-service[0;1m ---[m
[[1;34mINFO[m] Copying 1 resource from src/main/resources to target/classes
[[1;34mINFO[m] Copying 3 resources from src/main/resources to target/classes
[[1;34mINFO[m] 
[[1;34mINFO[m] [1m--- [0;32mmaven-compiler-plugin:3.14.1:compile[m [1m(default-compile)[m @ [36mcommand-service[0;1m ---[m
[[1;34mINFO[m] Recompiling the module because of [1mchanged source code[m.
[[1;34mINFO[m] Compiling 15 source files with javac [debug parameters release 21] to target/classes
[[1;34mINFO[m] 
[[1;34mINFO[m] [1m--- [0;32mmaven-resources-plugin:3.3.1:testResources[m [1m(default-testResources)[m @ [36mcommand-service[0;1m ---[m
[[1;34mINFO[m] skip non existing resourceDirectory /home/malak/IdeaProjects/security-of-ds-project/command-service/src/test/resources
[[1;34mINFO[m] 
[[1;34mINFO[m] [1m--- [0;32mmaven-compiler-plugin:3.14.1:testCompile[m [1m(default-testCompile)[m @ [36mcommand-service[0;1m ---[m
[[1;34mINFO[m] Recompiling the module because of [1mchanged dependency[m.
[[1;34mINFO[m] Compiling 1 source file with javac [debug parameters release 21] to target/test-classes
[[1;34mINFO[m] 
[[1;34mINFO[m] [1m<<< [0;32mspring-boot-maven-plugin:3.5.9:run[m [1m(default-cli)[0;1m < [0;1mtest-compile[m @ [36mcommand-service[0;1m <<<[m
[[1;34mINFO[m] 
[[1;34mINFO[m] 
[[1;34mINFO[m] [1m--- [0;32mspring-boot-maven-plugin:3.5.9:run[m [1m(default-cli)[m @ [36mcommand-service[0;1m ---[m
[[1;34mINFO[m] Attaching agents: []

  .   ____          _            __ _ _
 /\\ / ___'_ __ _ _(_)_ __  __ _ \ \ \ \
( ( )\___ | '_ | '_| | '_ \/ _` | \ \ \ \
 \\/  ___)| |_)| | | | | || (_| |  ) ) ) )
  '  |____| .__|_| |_|_| |_\__, | / / / /
 =========|_|==============|___/=/_/_/_/

 :: Spring Boot ::                (v3.5.9)

2026-01-12T06:16:46.260+01:00  INFO 588547 --- [command-service] [           main] o.s.c.CommandServiceApplication          : Starting CommandServiceApplication using Java 21.0.9 with PID 588547 (/home/malak/IdeaProjects/security-of-ds-project/command-service/target/classes started by malak in /home/malak/IdeaProjects/security-of-ds-project/command-service)
2026-01-12T06:16:46.263+01:00 DEBUG 588547 --- [command-service] [           main] o.s.c.CommandServiceApplication          : Running with Spring Boot v3.5.9, Spring v6.2.15
2026-01-12T06:16:46.265+01:00  INFO 588547 --- [command-service] [           main] o.s.c.CommandServiceApplication          : No active profile set, falling back to 1 default profile: "default"
2026-01-12T06:16:47.528+01:00  INFO 588547 --- [command-service] [           main] .s.d.r.c.RepositoryConfigurationDelegate : Bootstrapping Spring Data JPA repositories in DEFAULT mode.
2026-01-12T06:16:47.699+01:00  INFO 588547 --- [command-service] [           main] .s.d.r.c.RepositoryConfigurationDelegate : Finished Spring Data repository scanning in 163 ms. Found 2 JPA repository interfaces.
2026-01-12T06:16:47.963+01:00  INFO 588547 --- [command-service] [           main] o.s.cloud.context.scope.GenericScope     : BeanFactory id=89dbdf67-290e-3b42-9021-9d9ea4cce672
2026-01-12T06:16:48.310+01:00  INFO 588547 --- [command-service] [           main] o.s.b.w.embedded.tomcat.TomcatWebServer  : Tomcat initialized with port 8082 (http)
2026-01-12T06:16:48.323+01:00  INFO 588547 --- [command-service] [           main] o.apache.catalina.core.StandardService   : Starting service [Tomcat]
2026-01-12T06:16:48.324+01:00  INFO 588547 --- [command-service] [           main] o.apache.catalina.core.StandardEngine    : Starting Servlet engine: [Apache Tomcat/10.1.50]
2026-01-12T06:16:48.372+01:00  INFO 588547 --- [command-service] [           main] o.a.c.c.C.[Tomcat].[localhost].[/]       : Initializing Spring embedded WebApplicationContext
2026-01-12T06:16:48.372+01:00  INFO 588547 --- [command-service] [           main] w.s.c.ServletWebServerApplicationContext : Root WebApplicationContext: initialization completed in 2015 ms
2026-01-12T06:16:48.506+01:00  INFO 588547 --- [command-service] [           main] com.zaxxer.hikari.HikariDataSource       : HikariPool-1 - Starting...
2026-01-12T06:16:48.651+01:00  INFO 588547 --- [command-service] [           main] com.zaxxer.hikari.pool.HikariPool        : HikariPool-1 - Added connection org.postgresql.jdbc.PgConnection@350bbd5d
2026-01-12T06:16:48.652+01:00  INFO 588547 --- [command-service] [           main] com.zaxxer.hikari.HikariDataSource       : HikariPool-1 - Start completed.
2026-01-12T06:16:48.791+01:00  INFO 588547 --- [command-service] [           main] o.hibernate.jpa.internal.util.LogHelper  : HHH000204: Processing PersistenceUnitInfo [name: default]
2026-01-12T06:16:48.828+01:00  INFO 588547 --- [command-service] [           main] org.hibernate.Version                    : HHH000412: Hibernate ORM core version 6.6.39.Final
2026-01-12T06:16:48.852+01:00  INFO 588547 --- [command-service] [           main] o.h.c.internal.RegionFactoryInitiator    : HHH000026: Second-level cache disabled
2026-01-12T06:16:49.061+01:00  INFO 588547 --- [command-service] [           main] o.s.o.j.p.SpringPersistenceUnitInfo      : No LoadTimeWeaver setup: ignoring JPA class transformer
2026-01-12T06:16:49.134+01:00  INFO 588547 --- [command-service] [           main] org.hibernate.orm.connections.pooling    : HHH10001005: Database info:
	Database JDBC URL [Connecting through datasource 'HikariDataSource (HikariPool-1)']
	Database driver: undefined/unknown
	Database version: 15.15
	Autocommit mode: undefined/unknown
	Isolation level: undefined/unknown
	Minimum pool size: undefined/unknown
	Maximum pool size: undefined/unknown
2026-01-12T06:16:49.893+01:00  INFO 588547 --- [command-service] [           main] o.h.e.t.j.p.i.JtaPlatformInitiator       : HHH000489: No JTA platform available (set 'hibernate.transaction.jta.platform' to enable JTA platform integration)
Hibernate: 
    alter table if exists orders 
       alter column status set data type varchar(255)
2026-01-12T06:16:49.967+01:00  INFO 588547 --- [command-service] [           main] j.LocalContainerEntityManagerFactoryBean : Initialized JPA EntityManagerFactory for persistence unit 'default'
2026-01-12T06:16:50.217+01:00  INFO 588547 --- [command-service] [           main] o.s.d.j.r.query.QueryEnhancerFactory     : Hibernate is in classpath; If applicable, HQL parser will be used.
2026-01-12T06:16:50.879+01:00  WARN 588547 --- [command-service] [           main] JpaBaseConfiguration$JpaWebConfiguration : spring.jpa.open-in-view is enabled by default. Therefore, database queries may be performed during view rendering. Explicitly configure spring.jpa.open-in-view to disable this warning
2026-01-12T06:16:50.976+01:00  INFO 588547 --- [command-service] [           main] o.s.c.openfeign.FeignClientFactoryBean   : For 'product-service' URL not provided. Will try picking an instance via load-balancing.
2026-01-12T06:16:51.354+01:00 DEBUG 588547 --- [command-service] [           main] swordEncoderAuthenticationManagerBuilder : No authenticationProviders and no parentAuthenticationManager defined. Returning null.
2026-01-12T06:16:51.498+01:00 DEBUG 588547 --- [command-service] [           main] o.s.s.web.DefaultSecurityFilterChain     : Will secure any request with filters: DisableEncodeUrlFilter, WebAsyncManagerIntegrationFilter, SecurityContextHolderFilter, HeaderWriterFilter, CorsFilter, LogoutFilter, RequestCacheAwareFilter, SecurityContextHolderAwareRequestFilter, AnonymousAuthenticationFilter, ExceptionTranslationFilter, AuthorizationFilter
2026-01-12T06:16:51.619+01:00  INFO 588547 --- [command-service] [           main] o.s.v.b.OptionalValidatorFactoryBean     : Failed to set up a Bean Validation provider: jakarta.validation.NoProviderFoundException: Unable to create a Configuration, because no Jakarta Bean Validation provider could be found. Add a provider like Hibernate Validator (RI) to your classpath.
2026-01-12T06:16:52.021+01:00  INFO 588547 --- [command-service] [           main] DiscoveryClientOptionalArgsConfiguration : Eureka HTTP Client uses RestTemplate.
2026-01-12T06:16:52.051+01:00  WARN 588547 --- [command-service] [           main] iguration$LoadBalancerCaffeineWarnLogger : Spring Cloud LoadBalancer is currently working with the default cache. While this cache implementation is useful for development and tests, it's recommended to use Caffeine cache in production.You can switch to using Caffeine cache, by adding it and org.springframework.cache.caffeine.CaffeineCacheManager to the classpath.
2026-01-12T06:16:52.080+01:00  INFO 588547 --- [command-service] [           main] o.s.c.n.eureka.InstanceInfoFactory       : Setting initial instance status as: STARTING
2026-01-12T06:16:52.100+01:00  INFO 588547 --- [command-service] [           main] com.netflix.discovery.DiscoveryClient    : Initializing Eureka in region us-east-1
2026-01-12T06:16:52.103+01:00  INFO 588547 --- [command-service] [           main] c.n.d.s.r.aws.ConfigClusterResolver      : Resolving eureka endpoints via configuration
2026-01-12T06:16:52.110+01:00  INFO 588547 --- [command-service] [           main] com.netflix.discovery.DiscoveryClient    : Disable delta property : false
2026-01-12T06:16:52.110+01:00  INFO 588547 --- [command-service] [           main] com.netflix.discovery.DiscoveryClient    : Single vip registry refresh property : null
2026-01-12T06:16:52.110+01:00  INFO 588547 --- [command-service] [           main] com.netflix.discovery.DiscoveryClient    : Force full registry fetch : false
2026-01-12T06:16:52.110+01:00  INFO 588547 --- [command-service] [           main] com.netflix.discovery.DiscoveryClient    : Application is null : false
2026-01-12T06:16:52.111+01:00  INFO 588547 --- [command-service] [           main] com.netflix.discovery.DiscoveryClient    : Registered Applications size is zero : true
2026-01-12T06:16:52.111+01:00  INFO 588547 --- [command-service] [           main] com.netflix.discovery.DiscoveryClient    : Application version is -1: true
2026-01-12T06:16:52.111+01:00  INFO 588547 --- [command-service] [           main] com.netflix.discovery.DiscoveryClient    : Getting all instance registry info from the eureka server
2026-01-12T06:16:52.612+01:00  INFO 588547 --- [command-service] [           main] com.netflix.discovery.DiscoveryClient    : The response status is 200
2026-01-12T06:16:52.616+01:00  INFO 588547 --- [command-service] [           main] com.netflix.discovery.DiscoveryClient    : Starting heartbeat executor: renew interval is: 30
2026-01-12T06:16:52.619+01:00  INFO 588547 --- [command-service] [           main] c.n.discovery.InstanceInfoReplicator     : InstanceInfoReplicator onDemand update allowed rate per min is 4
2026-01-12T06:16:52.623+01:00  INFO 588547 --- [command-service] [           main] com.netflix.discovery.DiscoveryClient    : Discovery Client initialized at timestamp 1768195012621 with initial instances count: 1
2026-01-12T06:16:52.638+01:00  INFO 588547 --- [command-service] [           main] o.s.c.n.e.s.EurekaServiceRegistry        : Registering application COMMAND-SERVICE with eureka with status UP
2026-01-12T06:16:52.639+01:00  INFO 588547 --- [command-service] [           main] com.netflix.discovery.DiscoveryClient    : Saw local status change event StatusChangeEvent [timestamp=1768195012639, current=UP, previous=STARTING]
2026-01-12T06:16:52.643+01:00  INFO 588547 --- [command-service] [foReplicator-%d] com.netflix.discovery.DiscoveryClient    : DiscoveryClient_COMMAND-SERVICE/192.168.8.140:command-service:8082: registering service...
2026-01-12T06:16:52.663+01:00  INFO 588547 --- [command-service] [           main] o.s.c.n.e.s.EurekaServiceRegistry        : Unregistering application COMMAND-SERVICE with eureka with status DOWN
2026-01-12T06:16:52.664+01:00  INFO 588547 --- [command-service] [           main] com.netflix.discovery.DiscoveryClient    : Saw local status change event StatusChangeEvent [timestamp=1768195012664, current=DOWN, previous=UP]
2026-01-12T06:16:52.666+01:00  WARN 588547 --- [command-service] [           main] ConfigServletWebServerApplicationContext : Exception encountered during context initialization - cancelling refresh attempt: org.springframework.context.ApplicationContextException: Failed to start bean 'webServerStartStop'
2026-01-12T06:16:52.681+01:00  INFO 588547 --- [command-service] [           main] j.LocalContainerEntityManagerFactoryBean : Closing JPA EntityManagerFactory for persistence unit 'default'
2026-01-12T06:16:52.690+01:00  INFO 588547 --- [command-service] [           main] com.zaxxer.hikari.HikariDataSource       : HikariPool-1 - Shutdown initiated...
2026-01-12T06:16:52.704+01:00  INFO 588547 --- [command-service] [           main] com.zaxxer.hikari.HikariDataSource       : HikariPool-1 - Shutdown completed.
2026-01-12T06:16:52.706+01:00  INFO 588547 --- [command-service] [           main] com.netflix.discovery.DiscoveryClient    : Shutting down DiscoveryClient ...
2026-01-12T06:16:52.730+01:00  INFO 588547 --- [command-service] [foReplicator-%d] com.netflix.discovery.DiscoveryClient    : DiscoveryClient_COMMAND-SERVICE/192.168.8.140:command-service:8082 - registration status: 204
2026-01-12T06:16:52.731+01:00  INFO 588547 --- [command-service] [foReplicator-%d] com.netflix.discovery.DiscoveryClient    : DiscoveryClient_COMMAND-SERVICE/192.168.8.140:command-service:8082: registering service...
2026-01-12T06:16:52.740+01:00  INFO 588547 --- [command-service] [foReplicator-%d] com.netflix.discovery.DiscoveryClient    : DiscoveryClient_COMMAND-SERVICE/192.168.8.140:command-service:8082 - registration status: 204
2026-01-12T06:16:52.741+01:00  INFO 588547 --- [command-service] [           main] com.netflix.discovery.DiscoveryClient    : Unregistering ...
2026-01-12T06:16:52.749+01:00  INFO 588547 --- [command-service] [           main] com.netflix.discovery.DiscoveryClient    : DiscoveryClient_COMMAND-SERVICE/192.168.8.140:command-service:8082 - deregister  status: 200
2026-01-12T06:16:52.749+01:00  INFO 588547 --- [command-service] [           main] com.netflix.discovery.DiscoveryClient    : Completed shut down of DiscoveryClient
2026-01-12T06:16:52.768+01:00  INFO 588547 --- [command-service] [           main] .s.b.a.l.ConditionEvaluationReportLogger : 

Error starting ApplicationContext. To display the condition evaluation report re-run your application with 'debug' enabled.
2026-01-12T06:16:52.784+01:00 ERROR 588547 --- [command-service] [           main] o.s.b.d.LoggingFailureAnalysisReporter   : 

***************************
APPLICATION FAILED TO START
***************************

Description:

Web server failed to start. Port 8082 was already in use.

Action:

Identify and stop the process that's listening on port 8082 or configure this application to listen on another port.

[[1;34mINFO[m] [1m------------------------------------------------------------------------[m
[[1;34mINFO[m] [1;31mBUILD FAILURE[m
[[1;34mINFO[m] [1m------------------------------------------------------------------------[m
[[1;34mINFO[m] Total time:  15.017 s
[[1;34mINFO[m] Finished at: 2026-01-12T06:16:52+01:00
[[1;34mINFO[m] [1m------------------------------------------------------------------------[m
[[1;31mERROR[m] Failed to execute goal [32morg.springframework.boot:spring-boot-maven-plugin:3.5.9:run[m [1m(default-cli)[m on project [36mcommand-service[m: [1;31mProcess terminated with exit code: 1[m -> [1m[Help 1][m
[[1;31mERROR[m] 
[[1;31mERROR[m] To see the full stack trace of the errors, re-run Maven with the [1m-e[m switch.
[[1;31mERROR[m] Re-run Maven using the [1m-X[m switch to enable full debug logging.
[[1;31mERROR[m] 
[[1;31mERROR[m] For more information about the errors and possible solutions, please read the following articles:
[[1;31mERROR[m] [1m[Help 1][m http://cwiki.apache.org/confluence/display/MAVEN/MojoExecutionException
