[[1;34mINFO[m] Scanning for projects...
[[1;34mINFO[m] 
[[1;34mINFO[m] [1m--------------------< [0;36morg.security:gateway-service[0;1m >--------------------[m
[[1;34mINFO[m] [1mBuilding gateway-service 0.0.1-SNAPSHOT[m
[[1;34mINFO[m] [1m--------------------------------[ jar ]---------------------------------[m
[[1;34mINFO[m] 
[[1;34mINFO[m] [1m>>> [0;32mspring-boot-maven-plugin:3.5.9:run[m [1m(default-cli)[0;1m > [0;1mtest-compile[m @ [36mgateway-service[0;1m >>>[m
[[1;34mINFO[m] 
[[1;34mINFO[m] [1m--- [0;32mmaven-resources-plugin:3.3.1:resources[m [1m(default-resources)[m @ [36mgateway-service[0;1m ---[m
[[1;34mINFO[m] Copying 1 resource from src/main/resources to target/classes
[[1;34mINFO[m] Copying 0 resource from src/main/resources to target/classes
[[1;34mINFO[m] 
[[1;34mINFO[m] [1m--- [0;32mmaven-compiler-plugin:3.14.1:compile[m [1m(default-compile)[m @ [36mgateway-service[0;1m ---[m
[[1;34mINFO[m] Nothing to compile - all classes are up to date.
[[1;34mINFO[m] 
[[1;34mINFO[m] [1m--- [0;32mmaven-resources-plugin:3.3.1:testResources[m [1m(default-testResources)[m @ [36mgateway-service[0;1m ---[m
[[1;34mINFO[m] skip non existing resourceDirectory /home/malak/IdeaProjects/security-of-ds-project/gateway-service/src/test/resources
[[1;34mINFO[m] 
[[1;34mINFO[m] [1m--- [0;32mmaven-compiler-plugin:3.14.1:testCompile[m [1m(default-testCompile)[m @ [36mgateway-service[0;1m ---[m
[[1;34mINFO[m] Nothing to compile - all classes are up to date.
[[1;34mINFO[m] 
[[1;34mINFO[m] [1m<<< [0;32mspring-boot-maven-plugin:3.5.9:run[m [1m(default-cli)[0;1m < [0;1mtest-compile[m @ [36mgateway-service[0;1m <<<[m
[[1;34mINFO[m] 
[[1;34mINFO[m] 
[[1;34mINFO[m] [1m--- [0;32mspring-boot-maven-plugin:3.5.9:run[m [1m(default-cli)[m @ [36mgateway-service[0;1m ---[m
[[1;34mINFO[m] Attaching agents: []

  .   ____          _            __ _ _
 /\\ / ___'_ __ _ _(_)_ __  __ _ \ \ \ \
( ( )\___ | '_ | '_| | '_ \/ _` | \ \ \ \
 \\/  ___)| |_)| | | | | || (_| |  ) ) ) )
  '  |____| .__|_| |_|_| |_\__, | / / / /
 =========|_|==============|___/=/_/_/_/

 :: Spring Boot ::                (v3.5.9)

2026-01-12T01:09:42.876+01:00  INFO 125532 --- [gateway-service] [           main] o.s.g.GatewayServiceApplication          : Starting GatewayServiceApplication using Java 21.0.9 with PID 125532 (/home/malak/IdeaProjects/security-of-ds-project/gateway-service/target/classes started by malak in /home/malak/IdeaProjects/security-of-ds-project/gateway-service)
2026-01-12T01:09:42.878+01:00  INFO 125532 --- [gateway-service] [           main] o.s.g.GatewayServiceApplication          : No active profile set, falling back to 1 default profile: "default"
2026-01-12T01:09:43.649+01:00  INFO 125532 --- [gateway-service] [           main] o.s.cloud.context.scope.GenericScope     : BeanFactory id=8c8bb0ce-1e09-35dc-b40e-46fd53c6bdd7
2026-01-12T01:09:44.329+01:00 DEBUG 125532 --- [gateway-service] [           main] o.s.c.gateway.config.GatewayProperties   : Routes supplied from Gateway Properties: [RouteDefinition{id='product-service', predicates=[PredicateDefinition{name='Path', args={_genkey_0=/api/products/**}}], filters=[], uri=lb://product-service, order=0, metadata={}, enabled=true}, RouteDefinition{id='command-service', predicates=[PredicateDefinition{name='Path', args={_genkey_0=/api/orders/**}}], filters=[], uri=lb://command-service, order=0, metadata={}, enabled=true}]
2026-01-12T01:09:44.487+01:00  INFO 125532 --- [gateway-service] [           main] o.s.c.g.r.RouteDefinitionRouteLocator    : Loaded RoutePredicateFactory [After]
2026-01-12T01:09:44.488+01:00  INFO 125532 --- [gateway-service] [           main] o.s.c.g.r.RouteDefinitionRouteLocator    : Loaded RoutePredicateFactory [Before]
2026-01-12T01:09:44.488+01:00  INFO 125532 --- [gateway-service] [           main] o.s.c.g.r.RouteDefinitionRouteLocator    : Loaded RoutePredicateFactory [Between]
2026-01-12T01:09:44.488+01:00  INFO 125532 --- [gateway-service] [           main] o.s.c.g.r.RouteDefinitionRouteLocator    : Loaded RoutePredicateFactory [Cookie]
2026-01-12T01:09:44.488+01:00  INFO 125532 --- [gateway-service] [           main] o.s.c.g.r.RouteDefinitionRouteLocator    : Loaded RoutePredicateFactory [Header]
2026-01-12T01:09:44.488+01:00  INFO 125532 --- [gateway-service] [           main] o.s.c.g.r.RouteDefinitionRouteLocator    : Loaded RoutePredicateFactory [Host]
2026-01-12T01:09:44.488+01:00  INFO 125532 --- [gateway-service] [           main] o.s.c.g.r.RouteDefinitionRouteLocator    : Loaded RoutePredicateFactory [Method]
2026-01-12T01:09:44.488+01:00  INFO 125532 --- [gateway-service] [           main] o.s.c.g.r.RouteDefinitionRouteLocator    : Loaded RoutePredicateFactory [Path]
2026-01-12T01:09:44.488+01:00  INFO 125532 --- [gateway-service] [           main] o.s.c.g.r.RouteDefinitionRouteLocator    : Loaded RoutePredicateFactory [Query]
2026-01-12T01:09:44.488+01:00  INFO 125532 --- [gateway-service] [           main] o.s.c.g.r.RouteDefinitionRouteLocator    : Loaded RoutePredicateFactory [ReadBody]
2026-01-12T01:09:44.488+01:00  INFO 125532 --- [gateway-service] [           main] o.s.c.g.r.RouteDefinitionRouteLocator    : Loaded RoutePredicateFactory [RemoteAddr]
2026-01-12T01:09:44.488+01:00  INFO 125532 --- [gateway-service] [           main] o.s.c.g.r.RouteDefinitionRouteLocator    : Loaded RoutePredicateFactory [XForwardedRemoteAddr]
2026-01-12T01:09:44.488+01:00  INFO 125532 --- [gateway-service] [           main] o.s.c.g.r.RouteDefinitionRouteLocator    : Loaded RoutePredicateFactory [Weight]
2026-01-12T01:09:44.488+01:00  INFO 125532 --- [gateway-service] [           main] o.s.c.g.r.RouteDefinitionRouteLocator    : Loaded RoutePredicateFactory [CloudFoundryRouteService]
2026-01-12T01:09:44.706+01:00  INFO 125532 --- [gateway-service] [           main] DiscoveryClientOptionalArgsConfiguration : Eureka HTTP Client uses RestTemplate.
2026-01-12T01:09:44.737+01:00  WARN 125532 --- [gateway-service] [           main] iguration$LoadBalancerCaffeineWarnLogger : Spring Cloud LoadBalancer is currently working with the default cache. While this cache implementation is useful for development and tests, it's recommended to use Caffeine cache in production.You can switch to using Caffeine cache, by adding it and org.springframework.cache.caffeine.CaffeineCacheManager to the classpath.
2026-01-12T01:09:44.762+01:00  INFO 125532 --- [gateway-service] [           main] o.s.c.n.eureka.InstanceInfoFactory       : Setting initial instance status as: STARTING
2026-01-12T01:09:44.780+01:00  INFO 125532 --- [gateway-service] [           main] com.netflix.discovery.DiscoveryClient    : Initializing Eureka in region us-east-1
2026-01-12T01:09:44.784+01:00  INFO 125532 --- [gateway-service] [           main] c.n.d.s.r.aws.ConfigClusterResolver      : Resolving eureka endpoints via configuration
2026-01-12T01:09:44.791+01:00  INFO 125532 --- [gateway-service] [           main] com.netflix.discovery.DiscoveryClient    : Disable delta property : false
2026-01-12T01:09:44.791+01:00  INFO 125532 --- [gateway-service] [           main] com.netflix.discovery.DiscoveryClient    : Single vip registry refresh property : null
2026-01-12T01:09:44.792+01:00  INFO 125532 --- [gateway-service] [           main] com.netflix.discovery.DiscoveryClient    : Force full registry fetch : false
2026-01-12T01:09:44.792+01:00  INFO 125532 --- [gateway-service] [           main] com.netflix.discovery.DiscoveryClient    : Application is null : false
2026-01-12T01:09:44.792+01:00  INFO 125532 --- [gateway-service] [           main] com.netflix.discovery.DiscoveryClient    : Registered Applications size is zero : true
2026-01-12T01:09:44.792+01:00  INFO 125532 --- [gateway-service] [           main] com.netflix.discovery.DiscoveryClient    : Application version is -1: true
2026-01-12T01:09:44.792+01:00  INFO 125532 --- [gateway-service] [           main] com.netflix.discovery.DiscoveryClient    : Getting all instance registry info from the eureka server
2026-01-12T01:09:45.082+01:00  INFO 125532 --- [gateway-service] [           main] com.netflix.discovery.DiscoveryClient    : The response status is 200
2026-01-12T01:09:45.083+01:00  INFO 125532 --- [gateway-service] [           main] com.netflix.discovery.DiscoveryClient    : Starting heartbeat executor: renew interval is: 30
2026-01-12T01:09:45.085+01:00  INFO 125532 --- [gateway-service] [           main] c.n.discovery.InstanceInfoReplicator     : InstanceInfoReplicator onDemand update allowed rate per min is 4
2026-01-12T01:09:45.087+01:00  INFO 125532 --- [gateway-service] [           main] com.netflix.discovery.DiscoveryClient    : Discovery Client initialized at timestamp 1768176585085 with initial instances count: 0
2026-01-12T01:09:45.090+01:00  INFO 125532 --- [gateway-service] [           main] o.s.c.n.e.s.EurekaServiceRegistry        : Registering application GATEWAY-SERVICE with eureka with status UP
2026-01-12T01:09:45.090+01:00  INFO 125532 --- [gateway-service] [           main] com.netflix.discovery.DiscoveryClient    : Saw local status change event StatusChangeEvent [timestamp=1768176585090, current=UP, previous=STARTING]
2026-01-12T01:09:45.092+01:00  INFO 125532 --- [gateway-service] [foReplicator-%d] com.netflix.discovery.DiscoveryClient    : DiscoveryClient_GATEWAY-SERVICE/192.168.8.140:gateway-service:8087: registering service...
2026-01-12T01:09:45.111+01:00 DEBUG 125532 --- [gateway-service] [           main] o.s.c.g.r.RouteDefinitionRouteLocator    : RouteDefinition product-service applying {_genkey_0=/api/products/**} to Path
2026-01-12T01:09:45.135+01:00  INFO 125532 --- [gateway-service] [foReplicator-%d] com.netflix.discovery.DiscoveryClient    : DiscoveryClient_GATEWAY-SERVICE/192.168.8.140:gateway-service:8087 - registration status: 204
2026-01-12T01:09:45.137+01:00 DEBUG 125532 --- [gateway-service] [           main] o.s.c.g.r.RouteDefinitionRouteLocator    : RouteDefinition matched: product-service
2026-01-12T01:09:45.137+01:00 DEBUG 125532 --- [gateway-service] [           main] o.s.c.g.r.RouteDefinitionRouteLocator    : RouteDefinition command-service applying {_genkey_0=/api/orders/**} to Path
2026-01-12T01:09:45.138+01:00 DEBUG 125532 --- [gateway-service] [           main] o.s.c.g.r.RouteDefinitionRouteLocator    : RouteDefinition matched: command-service
2026-01-12T01:09:45.273+01:00  INFO 125532 --- [gateway-service] [           main] o.s.b.web.embedded.netty.NettyWebServer  : Netty started on port 8087 (http)
2026-01-12T01:09:45.275+01:00  INFO 125532 --- [gateway-service] [           main] .s.c.n.e.s.EurekaAutoServiceRegistration : Updating port to 8087
2026-01-12T01:09:45.284+01:00 DEBUG 125532 --- [gateway-service] [           main] o.s.c.g.r.RouteDefinitionRouteLocator    : RouteDefinition product-service applying {_genkey_0=/api/products/**} to Path
2026-01-12T01:09:45.285+01:00 DEBUG 125532 --- [gateway-service] [           main] o.s.c.g.r.RouteDefinitionRouteLocator    : RouteDefinition matched: product-service
2026-01-12T01:09:45.285+01:00 DEBUG 125532 --- [gateway-service] [           main] o.s.c.g.r.RouteDefinitionRouteLocator    : RouteDefinition command-service applying {_genkey_0=/api/orders/**} to Path
2026-01-12T01:09:45.286+01:00 DEBUG 125532 --- [gateway-service] [           main] o.s.c.g.r.RouteDefinitionRouteLocator    : RouteDefinition matched: command-service
2026-01-12T01:09:45.292+01:00  INFO 125532 --- [gateway-service] [           main] o.s.g.GatewayServiceApplication          : Started GatewayServiceApplication in 2.78 seconds (process running for 3.223)
2026-01-12T01:09:45.295+01:00  WARN 125532 --- [gateway-service] [           main] ServerWebfluxPropertiesMigrationListener : 
The use of configuration keys that have been renamed was found in the environment:

Property source 'Config resource 'class path resource [application.properties]' via location 'optional:classpath:/'':
	Key: spring.cloud.gateway.routes[0].id
		Line: 11
		Replacement: spring.cloud.gateway.server.webflux.routes[0].id
	Key: spring.cloud.gateway.routes[0].uri
		Line: 12
		Replacement: spring.cloud.gateway.server.webflux.routes[0].uri
	Key: spring.cloud.gateway.routes[0].predicates[0]
		Line: 13
		Replacement: spring.cloud.gateway.server.webflux.routes[0].predicates[0]
	Key: spring.cloud.gateway.routes[1].id
		Line: 15
		Replacement: spring.cloud.gateway.server.webflux.routes[1].id
	Key: spring.cloud.gateway.routes[1].uri
		Line: 16
		Replacement: spring.cloud.gateway.server.webflux.routes[1].uri
	Key: spring.cloud.gateway.routes[1].predicates[0]
		Line: 17
		Replacement: spring.cloud.gateway.server.webflux.routes[1].predicates[0]


Each configuration key has been temporarily mapped to its replacement for your convenience. To silence this warning, please update your configuration to use the new keys.

2026-01-12T01:10:15.084+01:00  INFO 125532 --- [gateway-service] [reshExecutor-%d] com.netflix.discovery.DiscoveryClient    : Disable delta property : false
2026-01-12T01:10:15.084+01:00  INFO 125532 --- [gateway-service] [reshExecutor-%d] com.netflix.discovery.DiscoveryClient    : Single vip registry refresh property : null
2026-01-12T01:10:15.084+01:00  INFO 125532 --- [gateway-service] [reshExecutor-%d] com.netflix.discovery.DiscoveryClient    : Force full registry fetch : false
2026-01-12T01:10:15.084+01:00  INFO 125532 --- [gateway-service] [reshExecutor-%d] com.netflix.discovery.DiscoveryClient    : Application is null : false
2026-01-12T01:10:15.084+01:00  INFO 125532 --- [gateway-service] [reshExecutor-%d] com.netflix.discovery.DiscoveryClient    : Registered Applications size is zero : true
2026-01-12T01:10:15.085+01:00  INFO 125532 --- [gateway-service] [reshExecutor-%d] com.netflix.discovery.DiscoveryClient    : Application version is -1: false
2026-01-12T01:10:15.085+01:00  INFO 125532 --- [gateway-service] [reshExecutor-%d] com.netflix.discovery.DiscoveryClient    : Getting all instance registry info from the eureka server
2026-01-12T01:10:15.133+01:00  INFO 125532 --- [gateway-service] [reshExecutor-%d] com.netflix.discovery.DiscoveryClient    : The response status is 200
2026-01-12T01:10:15.138+01:00 DEBUG 125532 --- [gateway-service] [reshExecutor-%d] o.s.c.g.r.RouteDefinitionRouteLocator    : RouteDefinition product-service applying {_genkey_0=/api/products/**} to Path
2026-01-12T01:10:15.142+01:00 DEBUG 125532 --- [gateway-service] [reshExecutor-%d] o.s.c.g.r.RouteDefinitionRouteLocator    : RouteDefinition matched: product-service
2026-01-12T01:10:15.142+01:00 DEBUG 125532 --- [gateway-service] [reshExecutor-%d] o.s.c.g.r.RouteDefinitionRouteLocator    : RouteDefinition command-service applying {_genkey_0=/api/orders/**} to Path
2026-01-12T01:10:15.144+01:00 DEBUG 125532 --- [gateway-service] [reshExecutor-%d] o.s.c.g.r.RouteDefinitionRouteLocator    : RouteDefinition matched: command-service
2026-01-12T01:10:45.159+01:00 DEBUG 125532 --- [gateway-service] [reshExecutor-%d] o.s.c.g.r.RouteDefinitionRouteLocator    : RouteDefinition product-service applying {_genkey_0=/api/products/**} to Path
2026-01-12T01:10:45.162+01:00 DEBUG 125532 --- [gateway-service] [reshExecutor-%d] o.s.c.g.r.RouteDefinitionRouteLocator    : RouteDefinition matched: product-service
2026-01-12T01:10:45.162+01:00 DEBUG 125532 --- [gateway-service] [reshExecutor-%d] o.s.c.g.r.RouteDefinitionRouteLocator    : RouteDefinition command-service applying {_genkey_0=/api/orders/**} to Path
2026-01-12T01:10:45.164+01:00 DEBUG 125532 --- [gateway-service] [reshExecutor-%d] o.s.c.g.r.RouteDefinitionRouteLocator    : RouteDefinition matched: command-service
2026-01-12T01:11:15.175+01:00 DEBUG 125532 --- [gateway-service] [reshExecutor-%d] o.s.c.g.r.RouteDefinitionRouteLocator    : RouteDefinition product-service applying {_genkey_0=/api/products/**} to Path
2026-01-12T01:11:15.177+01:00 DEBUG 125532 --- [gateway-service] [reshExecutor-%d] o.s.c.g.r.RouteDefinitionRouteLocator    : RouteDefinition matched: product-service
2026-01-12T01:11:15.178+01:00 DEBUG 125532 --- [gateway-service] [reshExecutor-%d] o.s.c.g.r.RouteDefinitionRouteLocator    : RouteDefinition command-service applying {_genkey_0=/api/orders/**} to Path
2026-01-12T01:11:15.179+01:00 DEBUG 125532 --- [gateway-service] [reshExecutor-%d] o.s.c.g.r.RouteDefinitionRouteLocator    : RouteDefinition matched: command-service
2026-01-12T01:11:45.190+01:00 DEBUG 125532 --- [gateway-service] [reshExecutor-%d] o.s.c.g.r.RouteDefinitionRouteLocator    : RouteDefinition product-service applying {_genkey_0=/api/products/**} to Path
2026-01-12T01:11:45.192+01:00 DEBUG 125532 --- [gateway-service] [reshExecutor-%d] o.s.c.g.r.RouteDefinitionRouteLocator    : RouteDefinition matched: product-service
2026-01-12T01:11:45.193+01:00 DEBUG 125532 --- [gateway-service] [reshExecutor-%d] o.s.c.g.r.RouteDefinitionRouteLocator    : RouteDefinition command-service applying {_genkey_0=/api/orders/**} to Path
2026-01-12T01:11:45.194+01:00 DEBUG 125532 --- [gateway-service] [reshExecutor-%d] o.s.c.g.r.RouteDefinitionRouteLocator    : RouteDefinition matched: command-service
2026-01-12T01:12:15.207+01:00 DEBUG 125532 --- [gateway-service] [reshExecutor-%d] o.s.c.g.r.RouteDefinitionRouteLocator    : RouteDefinition product-service applying {_genkey_0=/api/products/**} to Path
2026-01-12T01:12:15.209+01:00 DEBUG 125532 --- [gateway-service] [reshExecutor-%d] o.s.c.g.r.RouteDefinitionRouteLocator    : RouteDefinition matched: product-service
2026-01-12T01:12:15.210+01:00 DEBUG 125532 --- [gateway-service] [reshExecutor-%d] o.s.c.g.r.RouteDefinitionRouteLocator    : RouteDefinition command-service applying {_genkey_0=/api/orders/**} to Path
2026-01-12T01:12:15.212+01:00 DEBUG 125532 --- [gateway-service] [reshExecutor-%d] o.s.c.g.r.RouteDefinitionRouteLocator    : RouteDefinition matched: command-service
2026-01-12T01:12:45.224+01:00 DEBUG 125532 --- [gateway-service] [reshExecutor-%d] o.s.c.g.r.RouteDefinitionRouteLocator    : RouteDefinition product-service applying {_genkey_0=/api/products/**} to Path
2026-01-12T01:12:45.227+01:00 DEBUG 125532 --- [gateway-service] [reshExecutor-%d] o.s.c.g.r.RouteDefinitionRouteLocator    : RouteDefinition matched: product-service
2026-01-12T01:12:45.227+01:00 DEBUG 125532 --- [gateway-service] [reshExecutor-%d] o.s.c.g.r.RouteDefinitionRouteLocator    : RouteDefinition command-service applying {_genkey_0=/api/orders/**} to Path
2026-01-12T01:12:45.229+01:00 DEBUG 125532 --- [gateway-service] [reshExecutor-%d] o.s.c.g.r.RouteDefinitionRouteLocator    : RouteDefinition matched: command-service
2026-01-12T01:13:15.244+01:00 DEBUG 125532 --- [gateway-service] [reshExecutor-%d] o.s.c.g.r.RouteDefinitionRouteLocator    : RouteDefinition product-service applying {_genkey_0=/api/products/**} to Path
2026-01-12T01:13:15.247+01:00 DEBUG 125532 --- [gateway-service] [reshExecutor-%d] o.s.c.g.r.RouteDefinitionRouteLocator    : RouteDefinition matched: product-service
2026-01-12T01:13:15.247+01:00 DEBUG 125532 --- [gateway-service] [reshExecutor-%d] o.s.c.g.r.RouteDefinitionRouteLocator    : RouteDefinition command-service applying {_genkey_0=/api/orders/**} to Path
2026-01-12T01:13:15.249+01:00 DEBUG 125532 --- [gateway-service] [reshExecutor-%d] o.s.c.g.r.RouteDefinitionRouteLocator    : RouteDefinition matched: command-service
2026-01-12T01:13:45.260+01:00 DEBUG 125532 --- [gateway-service] [reshExecutor-%d] o.s.c.g.r.RouteDefinitionRouteLocator    : RouteDefinition product-service applying {_genkey_0=/api/products/**} to Path
2026-01-12T01:13:45.262+01:00 DEBUG 125532 --- [gateway-service] [reshExecutor-%d] o.s.c.g.r.RouteDefinitionRouteLocator    : RouteDefinition matched: product-service
2026-01-12T01:13:45.263+01:00 DEBUG 125532 --- [gateway-service] [reshExecutor-%d] o.s.c.g.r.RouteDefinitionRouteLocator    : RouteDefinition command-service applying {_genkey_0=/api/orders/**} to Path
2026-01-12T01:13:45.264+01:00 DEBUG 125532 --- [gateway-service] [reshExecutor-%d] o.s.c.g.r.RouteDefinitionRouteLocator    : RouteDefinition matched: command-service
2026-01-12T01:14:15.275+01:00 DEBUG 125532 --- [gateway-service] [reshExecutor-%d] o.s.c.g.r.RouteDefinitionRouteLocator    : RouteDefinition product-service applying {_genkey_0=/api/products/**} to Path
2026-01-12T01:14:15.277+01:00 DEBUG 125532 --- [gateway-service] [reshExecutor-%d] o.s.c.g.r.RouteDefinitionRouteLocator    : RouteDefinition matched: product-service
2026-01-12T01:14:15.278+01:00 DEBUG 125532 --- [gateway-service] [reshExecutor-%d] o.s.c.g.r.RouteDefinitionRouteLocator    : RouteDefinition command-service applying {_genkey_0=/api/orders/**} to Path
2026-01-12T01:14:15.279+01:00 DEBUG 125532 --- [gateway-service] [reshExecutor-%d] o.s.c.g.r.RouteDefinitionRouteLocator    : RouteDefinition matched: command-service
2026-01-12T01:14:44.794+01:00  INFO 125532 --- [gateway-service] [rap-executor-%d] c.n.d.s.r.aws.ConfigClusterResolver      : Resolving eureka endpoints via configuration
2026-01-12T01:14:45.290+01:00 DEBUG 125532 --- [gateway-service] [reshExecutor-%d] o.s.c.g.r.RouteDefinitionRouteLocator    : RouteDefinition product-service applying {_genkey_0=/api/products/**} to Path
2026-01-12T01:14:45.293+01:00 DEBUG 125532 --- [gateway-service] [reshExecutor-%d] o.s.c.g.r.RouteDefinitionRouteLocator    : RouteDefinition matched: product-service
2026-01-12T01:14:45.293+01:00 DEBUG 125532 --- [gateway-service] [reshExecutor-%d] o.s.c.g.r.RouteDefinitionRouteLocator    : RouteDefinition command-service applying {_genkey_0=/api/orders/**} to Path
2026-01-12T01:14:45.295+01:00 DEBUG 125532 --- [gateway-service] [reshExecutor-%d] o.s.c.g.r.RouteDefinitionRouteLocator    : RouteDefinition matched: command-service
2026-01-12T01:15:15.306+01:00 DEBUG 125532 --- [gateway-service] [reshExecutor-%d] o.s.c.g.r.RouteDefinitionRouteLocator    : RouteDefinition product-service applying {_genkey_0=/api/products/**} to Path
2026-01-12T01:15:15.309+01:00 DEBUG 125532 --- [gateway-service] [reshExecutor-%d] o.s.c.g.r.RouteDefinitionRouteLocator    : RouteDefinition matched: product-service
2026-01-12T01:15:15.309+01:00 DEBUG 125532 --- [gateway-service] [reshExecutor-%d] o.s.c.g.r.RouteDefinitionRouteLocator    : RouteDefinition command-service applying {_genkey_0=/api/orders/**} to Path
2026-01-12T01:15:15.311+01:00 DEBUG 125532 --- [gateway-service] [reshExecutor-%d] o.s.c.g.r.RouteDefinitionRouteLocator    : RouteDefinition matched: command-service
2026-01-12T01:15:45.322+01:00 DEBUG 125532 --- [gateway-service] [reshExecutor-%d] o.s.c.g.r.RouteDefinitionRouteLocator    : RouteDefinition product-service applying {_genkey_0=/api/products/**} to Path
2026-01-12T01:15:45.324+01:00 DEBUG 125532 --- [gateway-service] [reshExecutor-%d] o.s.c.g.r.RouteDefinitionRouteLocator    : RouteDefinition matched: product-service
2026-01-12T01:15:45.325+01:00 DEBUG 125532 --- [gateway-service] [reshExecutor-%d] o.s.c.g.r.RouteDefinitionRouteLocator    : RouteDefinition command-service applying {_genkey_0=/api/orders/**} to Path
2026-01-12T01:15:45.327+01:00 DEBUG 125532 --- [gateway-service] [reshExecutor-%d] o.s.c.g.r.RouteDefinitionRouteLocator    : RouteDefinition matched: command-service
2026-01-12T01:16:15.336+01:00 DEBUG 125532 --- [gateway-service] [reshExecutor-%d] o.s.c.g.r.RouteDefinitionRouteLocator    : RouteDefinition product-service applying {_genkey_0=/api/products/**} to Path
2026-01-12T01:16:15.338+01:00 DEBUG 125532 --- [gateway-service] [reshExecutor-%d] o.s.c.g.r.RouteDefinitionRouteLocator    : RouteDefinition matched: product-service
2026-01-12T01:16:15.338+01:00 DEBUG 125532 --- [gateway-service] [reshExecutor-%d] o.s.c.g.r.RouteDefinitionRouteLocator    : RouteDefinition command-service applying {_genkey_0=/api/orders/**} to Path
2026-01-12T01:16:15.339+01:00 DEBUG 125532 --- [gateway-service] [reshExecutor-%d] o.s.c.g.r.RouteDefinitionRouteLocator    : RouteDefinition matched: command-service
2026-01-12T01:16:34.571+01:00  INFO 125532 --- [gateway-service] [ionShutdownHook] o.s.c.n.e.s.EurekaServiceRegistry        : Unregistering application GATEWAY-SERVICE with eureka with status DOWN
2026-01-12T01:16:34.571+01:00  INFO 125532 --- [gateway-service] [ionShutdownHook] com.netflix.discovery.DiscoveryClient    : Saw local status change event StatusChangeEvent [timestamp=1768176994571, current=DOWN, previous=UP]
2026-01-12T01:16:34.571+01:00  INFO 125532 --- [gateway-service] [foReplicator-%d] com.netflix.discovery.DiscoveryClient    : DiscoveryClient_GATEWAY-SERVICE/192.168.8.140:gateway-service:8087: registering service...
2026-01-12T01:16:34.573+01:00  INFO 125532 --- [gateway-service] [ionShutdownHook] o.s.b.w.embedded.netty.GracefulShutdown  : Commencing graceful shutdown. Waiting for active requests to complete
2026-01-12T01:16:34.575+01:00  INFO 125532 --- [gateway-service] [ netty-shutdown] o.s.b.w.embedded.netty.GracefulShutdown  : Graceful shutdown complete
2026-01-12T01:16:34.578+01:00  INFO 125532 --- [gateway-service] [foReplicator-%d] com.netflix.discovery.DiscoveryClient    : DiscoveryClient_GATEWAY-SERVICE/192.168.8.140:gateway-service:8087 - registration status: 204
2026-01-12T01:16:36.595+01:00  INFO 125532 --- [gateway-service] [ionShutdownHook] com.netflix.discovery.DiscoveryClient    : Shutting down DiscoveryClient ...
2026-01-12T01:16:39.596+01:00  INFO 125532 --- [gateway-service] [ionShutdownHook] com.netflix.discovery.DiscoveryClient    : Unregistering ...
2026-01-12T01:16:39.606+01:00  INFO 125532 --- [gateway-service] [ionShutdownHook] com.netflix.discovery.DiscoveryClient    : DiscoveryClient_GATEWAY-SERVICE/192.168.8.140:gateway-service:8087 - deregister  status: 200
2026-01-12T01:16:39.607+01:00  INFO 125532 --- [gateway-service] [ionShutdownHook] com.netflix.discovery.DiscoveryClient    : Completed shut down of DiscoveryClient
